INFO:root:Starting connection to database
INFO:root:Connection open
INFO:root:Opening dataset
INFO:root:Truncate existing data
INFO:root:Importing data
ERROR:root:el valor es demasiado largo para el tipo character varying(20)
CONTEXT:  COPY data_landing, línea 3630202, columna adj_open: «0.0035574300059213904»

ERROR:root:Error importing data
INFO:root:Starting connection to database
INFO:root:Connection open
INFO:root:Opening dataset
INFO:root:Truncate existing data
INFO:root:Importing data
INFO:root:Data imported
INFO:root:Starting connection to database
INFO:root:Connection open
INFO:root:Opening dataset
INFO:root:Truncate existing data
INFO:root:Importing data
INFO:root:Data imported
INFO:root:Data imported
